<?xml version="1.0" encoding="UTF-8"?>
<!-- Generated by org.testng.reporters.JUnitReportReporter -->
<testsuite hostname="EC2AMAZ-D9GMPCC" failures="0" tests="2" name="testng.NewTest" time="0.014" errors="0" timestamp="2023-07-19T13:52:58 GMT" skipped="0">
  <testcase classname="testng.NewTest" name="f" time="0.003"/>
  <system-out/>
  <testcase classname="testng.NewTest" name="f" time="0.011"/>
  <system-out/>
</testsuite> <!-- testng.NewTest -->
