<?xml version="1.0" encoding="UTF-8"?>
<!-- Generated by org.testng.reporters.JUnitReportReporter -->
<testsuite hostname="EC2AMAZ-D9GMPCC" failures="0" tests="1" name="requeststypes.PostTest" time="3.661" errors="0" timestamp="2023-07-19T13:19:34 GMT" skipped="0">
  <testcase classname="requeststypes.PostTest" name="postTest" time="3.661"/>
  <system-out/>
</testsuite> <!-- requeststypes.PostTest -->
