<?xml version="1.0" encoding="UTF-8"?>
<!-- Generated by org.testng.reporters.JUnitReportReporter -->
<testsuite hostname="EC2AMAZ-D9GMPCC" failures="0" tests="1" name="authtechniques.BearerToken" time="3.357" errors="0" timestamp="2023-07-19T12:24:51 GMT" skipped="0">
  <testcase classname="authtechniques.BearerToken" name="bearerToken" time="3.357"/>
  <system-out/>
</testsuite> <!-- authtechniques.BearerToken -->
