<?xml version="1.0" encoding="UTF-8"?>
<!-- Generated by org.testng.reporters.JUnitReportReporter -->
<testsuite hostname="EC2AMAZ-D9GMPCC" failures="0" tests="1" name="requeststypes.GetTest" time="3.814" errors="0" timestamp="2023-07-18T12:49:59 GMT" skipped="0">
  <testcase classname="requeststypes.GetTest" name="getTest" time="3.814"/>
  <system-out/>
</testsuite> <!-- requeststypes.GetTest -->
