<?xml version="1.0" encoding="UTF-8"?>
<!-- Generated by org.testng.reporters.JUnitReportReporter -->
<testsuite hostname="EC2AMAZ-D9GMPCC" failures="0" tests="1" name="authtechniques.OAuth" time="3.976" errors="0" timestamp="2023-07-19T11:52:32 GMT" skipped="0">
  <testcase classname="authtechniques.OAuth" name="oAuth" time="3.976"/>
  <system-out/>
</testsuite> <!-- authtechniques.OAuth -->
