<?xml version="1.0" encoding="UTF-8"?>
<!-- Generated by org.testng.reporters.JUnitReportReporter -->
<testsuite hostname="EC2AMAZ-D9GMPCC" failures="0" tests="1" name="requeststypes.PutTest" time="5.935" errors="0" timestamp="2023-07-19T09:59:14 GMT" skipped="0">
  <testcase classname="requeststypes.PutTest" name="putTest" time="5.935"/>
  <system-out/>
</testsuite> <!-- requeststypes.PutTest -->
