<?xml version="1.0" encoding="UTF-8"?>
<!-- Generated by org.testng.reporters.JUnitReportReporter -->
<testsuite hostname="EC2AMAZ-D9GMPCC" failures="0" tests="1" name="authtechniques.DigestAuth" time="10.443" errors="0" timestamp="2023-07-19T11:25:28 GMT" skipped="0">
  <testcase classname="authtechniques.DigestAuth" name="DigestAuth" time="10.443"/>
  <system-out/>
</testsuite> <!-- authtechniques.DigestAuth -->
